Using pre-set license
Built from '2020.3/staging' branch; Version is '2020.3.26f1 (7298b473bc1a) revision 7510196'; Using compiler version '192528614'; Build Type 'Release'
OS: 'Windows 10  (10.0.17763) 64bit Professional' Language: 'en' Physical Memory: 8068 MB
BatchMode: 1, IsHumanControllingUs: 0, StartBugReporterOnCrash: 0, Is64bit: 1, IsPro: 0

COMMAND LINE ARGUMENTS:
C:\Program Files\Unity\Hub\Editor\2020.3.26f1\Editor\Unity.exe
-adb2
-batchMode
-noUpm
-name
AssetImportWorker0
-projectPath
C:/Users/Admin/DemoCarGasStation
-logFile
Logs/AssetImportWorker0.log
-srvPort
60457
Successfully changed project path to: C:/Users/Admin/DemoCarGasStation
C:/Users/Admin/DemoCarGasStation
Using Asset Import Pipeline V2.
Refreshing native plugins compatible for Editor in 32.52 ms, found 2 plugins.
Preloading 0 native plugins for Editor in 0.00 ms.
Initialize engine version: 2020.3.26f1 (7298b473bc1a)
[Subsystems] Discovering subsystems at path C:/Program Files/Unity/Hub/Editor/2020.3.26f1/Editor/Data/Resources/UnitySubsystems
[Subsystems] Discovering subsystems at path C:/Users/Admin/DemoCarGasStation/Assets
GfxDevice: creating device client; threaded=0
Direct3D:
    Version:  Direct3D 11.0 [level 11.1]
    Renderer: Radeon (TM) 520 (ID=0x6665)
    Vendor:   
    VRAM:     2039 MB
    Driver:   27.20.14535.3005
Initialize mono
Mono path[0] = 'C:/Program Files/Unity/Hub/Editor/2020.3.26f1/Editor/Data/Managed'
Mono path[1] = 'C:/Program Files/Unity/Hub/Editor/2020.3.26f1/Editor/Data/MonoBleedingEdge/lib/mono/unityjit'
Mono config path = 'C:/Program Files/Unity/Hub/Editor/2020.3.26f1/Editor/Data/MonoBleedingEdge/etc'
Using monoOptions --debugger-agent=transport=dt_socket,embedding=1,server=y,suspend=n,address=127.0.0.1:56484
Begin MonoManager ReloadAssembly
Registering precompiled unity dll's ...
Register platform support module: C:/Program Files/Unity/Hub/Editor/2020.3.26f1/Editor/Data/PlaybackEngines/WebGLSupport/UnityEditor.WebGL.Extensions.dll
Register platform support module: C:/Program Files/Unity/Hub/Editor/2020.3.26f1/Editor/Data/PlaybackEngines/WindowsStandaloneSupport/UnityEditor.WindowsStandalone.Extensions.dll
Registered in 0.001610 seconds.
Native extension for WindowsStandalone target not found
Native extension for WebGL target not found
Refreshing native plugins compatible for Editor in 36.38 ms, found 2 plugins.
Preloading 0 native plugins for Editor in 0.00 ms.
Mono: successfully reloaded assembly
- Completed reload, in  0.638 seconds
Domain Reload Profiling:
	ReloadAssembly (638ms)
		BeginReloadAssembly (56ms)
			ExecutionOrderSort (0ms)
			DisableScriptedObjects (0ms)
			BackupInstance (0ms)
			ReleaseScriptingObjects (0ms)
			CreateAndSetChildDomain (1ms)
		EndReloadAssembly (503ms)
			LoadAssemblies (54ms)
			RebuildTransferFunctionScriptingTraits (0ms)
			SetupTypeCache (173ms)
			ReleaseScriptCaches (0ms)
			RebuildScriptCaches (35ms)
			SetupLoadedEditorAssemblies (179ms)
				LogAssemblyErrors (0ms)
				InitializePlatformSupportModulesInManaged (5ms)
				SetLoadedEditorAssemblies (0ms)
				RefreshPlugins (36ms)
				BeforeProcessingInitializeOnLoad (16ms)
				ProcessInitializeOnLoadAttributes (90ms)
				ProcessInitializeOnLoadMethodAttributes (31ms)
				AfterProcessingInitializeOnLoad (0ms)
				EditorAssembliesLoaded (0ms)
			ExecutionOrderSort2 (0ms)
			AwakeInstancesAfterBackupRestoration (0ms)
Platform modules already initialized, skipping
Registering precompiled user dll's ...
Registered in 0.003196 seconds.
Begin MonoManager ReloadAssembly
Native extension for WindowsStandalone target not found
Native extension for WebGL target not found
Refreshing native plugins compatible for Editor in 0.38 ms, found 2 plugins.
Preloading 0 native plugins for Editor in 0.00 ms.
Mono: successfully reloaded assembly
- Completed reload, in  1.084 seconds
Domain Reload Profiling:
	ReloadAssembly (1084ms)
		BeginReloadAssembly (138ms)
			ExecutionOrderSort (0ms)
			DisableScriptedObjects (5ms)
			BackupInstance (0ms)
			ReleaseScriptingObjects (0ms)
			CreateAndSetChildDomain (17ms)
		EndReloadAssembly (880ms)
			LoadAssemblies (81ms)
			RebuildTransferFunctionScriptingTraits (0ms)
			SetupTypeCache (317ms)
			ReleaseScriptCaches (0ms)
			RebuildScriptCaches (47ms)
			SetupLoadedEditorAssemblies (326ms)
				LogAssemblyErrors (0ms)
				InitializePlatformSupportModulesInManaged (6ms)
				SetLoadedEditorAssemblies (1ms)
				RefreshPlugins (0ms)
				BeforeProcessingInitializeOnLoad (84ms)
				ProcessInitializeOnLoadAttributes (221ms)
				ProcessInitializeOnLoadMethodAttributes (10ms)
				AfterProcessingInitializeOnLoad (4ms)
				EditorAssembliesLoaded (0ms)
			ExecutionOrderSort2 (0ms)
			AwakeInstancesAfterBackupRestoration (6ms)
Platform modules already initialized, skipping
========================================================================
Worker process is ready to serve import requests
Launched and connected shader compiler UnityShaderCompiler.exe after 0.03 seconds
Refreshing native plugins compatible for Editor in 0.58 ms, found 2 plugins.
Preloading 0 native plugins for Editor in 0.00 ms.
Unloading 1503 Unused Serialized files (Serialized files now loaded: 0)
System memory in use before: 67.5 MB.
System memory in use after: 67.6 MB.

Unloading 19 unused Assets to reduce memory usage. Loaded Objects now: 1935.
Total: 2.672800 ms (FindLiveObjects: 0.187400 ms CreateObjectMapping: 0.068800 ms MarkObjects: 2.353400 ms  DeleteObjects: 0.062400 ms)

AssetImportParameters requested are different than current active one (requested -> active):
  custom:framework-win-MediaFoundation: 216162199b28c13a410421893ffa2e32 -> 
  custom:video-decoder-ogg-theora: a1e56fd34408186e4bbccfd4996cb3dc -> 
  custom:container-muxer-webm: aa71ff27fc2769a1b78a27578f13a17b -> 
  custom:container-demuxer-webm: 4f35f7cbe854078d1ac9338744f61a02 -> 
  custom:container-demuxer-ogg: 62fdf1f143b41e24485cea50d1cbac27 -> 
  custom:video-encoder-webm-vp8: eb34c28f22e8b96e1ab97ce403110664 -> 
  custom:video-decoder-webm-vp8: 9c59270c3fd7afecdb556c50c9e8de78 -> 
  custom:audio-decoder-ogg-vorbis: bf7c407c2cedff20999df2af8eb42d56 -> 
  custom:audio-encoder-webm-vorbis: bf7c407c2cedff20999df2af8eb42d56 -> 
========================================================================
Received Import Request.
  path: Assets
  artifactKey: Guid(00000000000000001000000000000000) Importer(815301076,1909f56bfc062723c751e8b465ee728b)
Start importing Assets using Guid(00000000000000001000000000000000) Importer(815301076,1909f56bfc062723c751e8b465ee728b)  -> (artifact id: '42d402b061de3733987d63b9cc3b64de') in 0.003642 seconds 
  Import took 0.007660 seconds .

========================================================================
Received Import Request.
  Time since last request: 99.864322 seconds.
  path: Assets/Big_Bus.FBX
  artifactKey: Guid(55506ce59d436a347a41e7b7bf2fbaa8) Importer(815301076,1909f56bfc062723c751e8b465ee728b)
Start importing Assets/Big_Bus.FBX using Guid(55506ce59d436a347a41e7b7bf2fbaa8) Importer(815301076,1909f56bfc062723c751e8b465ee728b)  -> (artifact id: '3bfb9641259d4e5b8d2524cd5bbec7e0') in 0.677732 seconds 
  Import took 0.681624 seconds .

========================================================================
Received Import Request.
  Time since last request: 9.573096 seconds.
  path: Assets/Scenes
  artifactKey: Guid(bdd794afa1ffa30459a39d708a1b8b38) Importer(815301076,1909f56bfc062723c751e8b465ee728b)
Start importing Assets/Scenes using Guid(bdd794afa1ffa30459a39d708a1b8b38) Importer(815301076,1909f56bfc062723c751e8b465ee728b)  -> (artifact id: '767667cd313fd0858a6cf55d59708f77') in 0.001697 seconds 
  Import took 0.004316 seconds .

========================================================================
Received Import Request.
  Time since last request: 0.378706 seconds.
  path: Assets/FuelPump3D
  artifactKey: Guid(c212c9071898d074e85c3c39416abf13) Importer(815301076,1909f56bfc062723c751e8b465ee728b)
Start importing Assets/FuelPump3D using Guid(c212c9071898d074e85c3c39416abf13) Importer(815301076,1909f56bfc062723c751e8b465ee728b)  -> (artifact id: '0e851c9bdcd990b6279141b7c7defd3a') in 0.001821 seconds 
  Import took 0.004572 seconds .

========================================================================
Received Import Request.
  Time since last request: 2.507714 seconds.
  path: Assets/FuelPump3D/Prefabs
  artifactKey: Guid(98bef73f0644a0b4fb6b0b41b1e69e44) Importer(815301076,1909f56bfc062723c751e8b465ee728b)
Start importing Assets/FuelPump3D/Prefabs using Guid(98bef73f0644a0b4fb6b0b41b1e69e44) Importer(815301076,1909f56bfc062723c751e8b465ee728b)  -> (artifact id: 'df0841f091eb78ee931031ca6c178434') in 0.001625 seconds 
  Import took 0.004220 seconds .

========================================================================
Received Import Request.
  Time since last request: 0.078524 seconds.
  path: Assets/FuelPump3D/Prefabs/Fuel Pump 3D.prefab
  artifactKey: Guid(986c3d0d840c193499421d18558ecada) Importer(815301076,1909f56bfc062723c751e8b465ee728b)
Start importing Assets/FuelPump3D/Prefabs/Fuel Pump 3D.prefab using Guid(986c3d0d840c193499421d18558ecada) Importer(815301076,1909f56bfc062723c751e8b465ee728b)  -> (artifact id: '589d4149858b8606c1e9699661ce555f') in 0.018526 seconds 
  Import took 0.021796 seconds .

========================================================================
Received Import Request.
  Time since last request: 0.000204 seconds.
  path: Assets/FuelPump3D/Prefabs/petronas.fbx
  artifactKey: Guid(c29ef18d59ca4054a876b873743d3edf) Importer(815301076,1909f56bfc062723c751e8b465ee728b)
Start importing Assets/FuelPump3D/Prefabs/petronas.fbx using Guid(c29ef18d59ca4054a876b873743d3edf) Importer(815301076,1909f56bfc062723c751e8b465ee728b)  -> (artifact id: '8c1f071e63188bee3e2e4709fe7d8cef') in 0.014138 seconds 
  Import took 0.017161 seconds .

========================================================================
Received Import Request.
  Time since last request: 210.349922 seconds.
  path: Assets/Scenes/SampleScene.unity
  artifactKey: Guid(9fc0d4010bbf28b4594072e72b8655ab) Importer(815301076,1909f56bfc062723c751e8b465ee728b)
Start importing Assets/Scenes/SampleScene.unity using Guid(9fc0d4010bbf28b4594072e72b8655ab) Importer(815301076,1909f56bfc062723c751e8b465ee728b)  -> (artifact id: 'ee9f22a43158c6359552b90cf5c894b9') in 0.002190 seconds 
  Import took 0.005890 seconds .

========================================================================
Received Import Request.
  Time since last request: 12.417949 seconds.
  path: Assets/Scenes/SampleScene.unity
  artifactKey: Guid(9fc0d4010bbf28b4594072e72b8655ab) Importer(815301076,1909f56bfc062723c751e8b465ee728b)
Start importing Assets/Scenes/SampleScene.unity using Guid(9fc0d4010bbf28b4594072e72b8655ab) Importer(815301076,1909f56bfc062723c751e8b465ee728b)  -> (artifact id: '10a1dcc068f7711c60c2b0e856b19058') in 0.001789 seconds 
  Import took 0.005346 seconds .

========================================================================
Received Import Request.
  Time since last request: 25.737976 seconds.
  path: Assets/Scenes/Scenes2.unity
  artifactKey: Guid(f2af3912a8165f84da84e3ce83541215) Importer(815301076,1909f56bfc062723c751e8b465ee728b)
Start importing Assets/Scenes/Scenes2.unity using Guid(f2af3912a8165f84da84e3ce83541215) Importer(815301076,1909f56bfc062723c751e8b465ee728b)  -> (artifact id: 'd1c4009c2159ecb3be91c6c67d6bc6df') in 0.001833 seconds 
  Import took 0.005014 seconds .

========================================================================
Received Import Request.
  Time since last request: 64.589327 seconds.
  path: Assets/Scenes/Big_Bus.FBX
  artifactKey: Guid(eb4ce9b4eb7d722439b81243b285ea8b) Importer(815301076,1909f56bfc062723c751e8b465ee728b)
Start importing Assets/Scenes/Big_Bus.FBX using Guid(eb4ce9b4eb7d722439b81243b285ea8b) Importer(815301076,1909f56bfc062723c751e8b465ee728b)  -> (artifact id: '129b069ede2c745048376f955be81071') in 0.149472 seconds 
  Import took 0.152242 seconds .

========================================================================
Received Import Request.
  Time since last request: 44.224288 seconds.
  path: Assets/Scenes/Scenes2.unity
  artifactKey: Guid(f2af3912a8165f84da84e3ce83541215) Importer(815301076,1909f56bfc062723c751e8b465ee728b)
Start importing Assets/Scenes/Scenes2.unity using Guid(f2af3912a8165f84da84e3ce83541215) Importer(815301076,1909f56bfc062723c751e8b465ee728b)  -> (artifact id: '402a1330ccb016bca3d8576d68c65c59') in 0.002195 seconds 
  Import took 0.005571 seconds .

========================================================================
Received Import Request.
  Time since last request: 109.448010 seconds.
  path: Assets/FuelPump3D/Meshes/FuelPump.fbx
  artifactKey: Guid(faa6e30a3e0257645b0e2140b0837f2c) Importer(815301076,1909f56bfc062723c751e8b465ee728b)
Start importing Assets/FuelPump3D/Meshes/FuelPump.fbx using Guid(faa6e30a3e0257645b0e2140b0837f2c) Importer(815301076,1909f56bfc062723c751e8b465ee728b)  -> (artifact id: '1221c6dad1fd14351c8f06d2c6441919') in 0.032495 seconds 
  Import took 0.035596 seconds .

========================================================================
Received Import Request.
  Time since last request: 0.000158 seconds.
  path: Assets/FuelPump3D/Meshes/Hill.fbx
  artifactKey: Guid(ceeb7e8d5e31c674e8c43051fc09cc66) Importer(815301076,1909f56bfc062723c751e8b465ee728b)
Start importing Assets/FuelPump3D/Meshes/Hill.fbx using Guid(ceeb7e8d5e31c674e8c43051fc09cc66) Importer(815301076,1909f56bfc062723c751e8b465ee728b)  -> (artifact id: '46c017c32ee37d3a91dbb817bfaec234') in 0.021387 seconds 
  Import took 0.025706 seconds .

========================================================================
Received Import Request.
  Time since last request: 281.333333 seconds.
  path: Assets/StopCarGas.cs
  artifactKey: Guid(d0613378344cc4e43b27df22cf2c62dd) Importer(815301076,1909f56bfc062723c751e8b465ee728b)
Start importing Assets/StopCarGas.cs using Guid(d0613378344cc4e43b27df22cf2c62dd) Importer(815301076,1909f56bfc062723c751e8b465ee728b)  -> (artifact id: '040fc62bf7c70b2e1adb085221460729') in 0.004527 seconds 
  Import took 0.009707 seconds .

========================================================================
Received Prepare
Registering precompiled user dll's ...
Registered in 0.002828 seconds.
Begin MonoManager ReloadAssembly
Native extension for WindowsStandalone target not found
Native extension for WebGL target not found
Refreshing native plugins compatible for Editor in 0.36 ms, found 2 plugins.
Preloading 0 native plugins for Editor in 0.00 ms.
Mono: successfully reloaded assembly
- Completed reload, in  1.027 seconds
Domain Reload Profiling:
	ReloadAssembly (1028ms)
		BeginReloadAssembly (104ms)
			ExecutionOrderSort (0ms)
			DisableScriptedObjects (4ms)
			BackupInstance (0ms)
			ReleaseScriptingObjects (0ms)
			CreateAndSetChildDomain (33ms)
		EndReloadAssembly (853ms)
			LoadAssemblies (87ms)
			RebuildTransferFunctionScriptingTraits (0ms)
			SetupTypeCache (324ms)
			ReleaseScriptCaches (1ms)
			RebuildScriptCaches (40ms)
			SetupLoadedEditorAssemblies (295ms)
				LogAssemblyErrors (0ms)
				InitializePlatformSupportModulesInManaged (6ms)
				SetLoadedEditorAssemblies (0ms)
				RefreshPlugins (0ms)
				BeforeProcessingInitializeOnLoad (77ms)
				ProcessInitializeOnLoadAttributes (198ms)
				ProcessInitializeOnLoadMethodAttributes (9ms)
				AfterProcessingInitializeOnLoad (5ms)
				EditorAssembliesLoaded (0ms)
			ExecutionOrderSort2 (0ms)
			AwakeInstancesAfterBackupRestoration (7ms)
Platform modules already initialized, skipping
Refreshing native plugins compatible for Editor in 0.39 ms, found 2 plugins.
Preloading 0 native plugins for Editor in 0.00 ms.
Unloading 1498 Unused Serialized files (Serialized files now loaded: 0)
System memory in use before: 71.0 MB.
System memory in use after: 71.1 MB.

Unloading 15 unused Assets to reduce memory usage. Loaded Objects now: 1981.
Total: 2.632400 ms (FindLiveObjects: 0.170900 ms CreateObjectMapping: 0.054100 ms MarkObjects: 2.386400 ms  DeleteObjects: 0.020000 ms)

AssetImportParameters requested are different than current active one (requested -> active):
  custom:framework-win-MediaFoundation: 216162199b28c13a410421893ffa2e32 -> 
  custom:video-decoder-ogg-theora: a1e56fd34408186e4bbccfd4996cb3dc -> 
  custom:container-muxer-webm: aa71ff27fc2769a1b78a27578f13a17b -> 
  custom:container-demuxer-webm: 4f35f7cbe854078d1ac9338744f61a02 -> 
  custom:container-demuxer-ogg: 62fdf1f143b41e24485cea50d1cbac27 -> 
  custom:video-encoder-webm-vp8: eb34c28f22e8b96e1ab97ce403110664 -> 
  custom:video-decoder-webm-vp8: 9c59270c3fd7afecdb556c50c9e8de78 -> 
  custom:audio-decoder-ogg-vorbis: bf7c407c2cedff20999df2af8eb42d56 -> 
  custom:audio-encoder-webm-vorbis: bf7c407c2cedff20999df2af8eb42d56 -> 
========================================================================
Received Import Request.
  Time since last request: 40.710116 seconds.
  path: Assets/StopCarGas.cs
  artifactKey: Guid(d0613378344cc4e43b27df22cf2c62dd) Importer(815301076,1909f56bfc062723c751e8b465ee728b)
Start importing Assets/StopCarGas.cs using Guid(d0613378344cc4e43b27df22cf2c62dd) Importer(815301076,1909f56bfc062723c751e8b465ee728b)  -> (artifact id: 'f92311e482ae40bd13f9d9fcf4eca02f') in 0.005702 seconds 
  Import took 0.017168 seconds .

========================================================================
Received Prepare
Registering precompiled user dll's ...
Registered in 0.003125 seconds.
Begin MonoManager ReloadAssembly
Native extension for WindowsStandalone target not found
Native extension for WebGL target not found
Refreshing native plugins compatible for Editor in 0.43 ms, found 2 plugins.
Preloading 0 native plugins for Editor in 0.00 ms.
Mono: successfully reloaded assembly
- Completed reload, in  1.084 seconds
Domain Reload Profiling:
	ReloadAssembly (1084ms)
		BeginReloadAssembly (109ms)
			ExecutionOrderSort (0ms)
			DisableScriptedObjects (5ms)
			BackupInstance (0ms)
			ReleaseScriptingObjects (0ms)
			CreateAndSetChildDomain (32ms)
		EndReloadAssembly (900ms)
			LoadAssemblies (96ms)
			RebuildTransferFunctionScriptingTraits (0ms)
			SetupTypeCache (341ms)
			ReleaseScriptCaches (1ms)
			RebuildScriptCaches (44ms)
			SetupLoadedEditorAssemblies (312ms)
				LogAssemblyErrors (0ms)
				InitializePlatformSupportModulesInManaged (6ms)
				SetLoadedEditorAssemblies (1ms)
				RefreshPlugins (0ms)
				BeforeProcessingInitializeOnLoad (79ms)
				ProcessInitializeOnLoadAttributes (212ms)
				ProcessInitializeOnLoadMethodAttributes (9ms)
				AfterProcessingInitializeOnLoad (4ms)
				EditorAssembliesLoaded (0ms)
			ExecutionOrderSort2 (0ms)
			AwakeInstancesAfterBackupRestoration (7ms)
Platform modules already initialized, skipping
Refreshing native plugins compatible for Editor in 0.39 ms, found 2 plugins.
Preloading 0 native plugins for Editor in 0.00 ms.
Unloading 1498 Unused Serialized files (Serialized files now loaded: 0)
System memory in use before: 71.0 MB.
System memory in use after: 71.1 MB.

Unloading 14 unused Assets to reduce memory usage. Loaded Objects now: 1983.
Total: 3.184200 ms (FindLiveObjects: 0.160200 ms CreateObjectMapping: 0.055500 ms MarkObjects: 2.947600 ms  DeleteObjects: 0.019500 ms)

AssetImportParameters requested are different than current active one (requested -> active):
  custom:framework-win-MediaFoundation: 216162199b28c13a410421893ffa2e32 -> 
  custom:video-decoder-ogg-theora: a1e56fd34408186e4bbccfd4996cb3dc -> 
  custom:container-muxer-webm: aa71ff27fc2769a1b78a27578f13a17b -> 
  custom:container-demuxer-webm: 4f35f7cbe854078d1ac9338744f61a02 -> 
  custom:container-demuxer-ogg: 62fdf1f143b41e24485cea50d1cbac27 -> 
  custom:video-encoder-webm-vp8: eb34c28f22e8b96e1ab97ce403110664 -> 
  custom:video-decoder-webm-vp8: 9c59270c3fd7afecdb556c50c9e8de78 -> 
  custom:audio-decoder-ogg-vorbis: bf7c407c2cedff20999df2af8eb42d56 -> 
  custom:audio-encoder-webm-vorbis: bf7c407c2cedff20999df2af8eb42d56 -> 
========================================================================
Received Import Request.
  Time since last request: 48.817518 seconds.
  path: Assets/StopCarGas.cs
  artifactKey: Guid(d0613378344cc4e43b27df22cf2c62dd) Importer(815301076,1909f56bfc062723c751e8b465ee728b)
Start importing Assets/StopCarGas.cs using Guid(d0613378344cc4e43b27df22cf2c62dd) Importer(815301076,1909f56bfc062723c751e8b465ee728b)  -> (artifact id: 'e531cffc7ac1b5db7b1d41077f1e1932') in 0.005136 seconds 
  Import took 0.009518 seconds .

========================================================================
Received Prepare
Registering precompiled user dll's ...
Registered in 0.002885 seconds.
Begin MonoManager ReloadAssembly
Native extension for WindowsStandalone target not found
Native extension for WebGL target not found
Refreshing native plugins compatible for Editor in 0.52 ms, found 2 plugins.
Preloading 0 native plugins for Editor in 0.00 ms.
Mono: successfully reloaded assembly
- Completed reload, in  1.045 seconds
Domain Reload Profiling:
	ReloadAssembly (1045ms)
		BeginReloadAssembly (94ms)
			ExecutionOrderSort (0ms)
			DisableScriptedObjects (5ms)
			BackupInstance (0ms)
			ReleaseScriptingObjects (0ms)
			CreateAndSetChildDomain (27ms)
		EndReloadAssembly (880ms)
			LoadAssemblies (86ms)
			RebuildTransferFunctionScriptingTraits (0ms)
			SetupTypeCache (310ms)
			ReleaseScriptCaches (1ms)
			RebuildScriptCaches (38ms)
			SetupLoadedEditorAssemblies (322ms)
				LogAssemblyErrors (0ms)
				InitializePlatformSupportModulesInManaged (6ms)
				SetLoadedEditorAssemblies (1ms)
				RefreshPlugins (1ms)
				BeforeProcessingInitializeOnLoad (81ms)
				ProcessInitializeOnLoadAttributes (220ms)
				ProcessInitializeOnLoadMethodAttributes (9ms)
				AfterProcessingInitializeOnLoad (4ms)
				EditorAssembliesLoaded (0ms)
			ExecutionOrderSort2 (0ms)
			AwakeInstancesAfterBackupRestoration (6ms)
Platform modules already initialized, skipping
Refreshing native plugins compatible for Editor in 0.36 ms, found 2 plugins.
Preloading 0 native plugins for Editor in 0.00 ms.
Unloading 1498 Unused Serialized files (Serialized files now loaded: 0)
System memory in use before: 71.0 MB.
System memory in use after: 71.1 MB.

Unloading 14 unused Assets to reduce memory usage. Loaded Objects now: 1985.
Total: 2.493800 ms (FindLiveObjects: 0.135800 ms CreateObjectMapping: 0.046700 ms MarkObjects: 2.294800 ms  DeleteObjects: 0.015300 ms)

AssetImportParameters requested are different than current active one (requested -> active):
  custom:framework-win-MediaFoundation: 216162199b28c13a410421893ffa2e32 -> 
  custom:video-decoder-ogg-theora: a1e56fd34408186e4bbccfd4996cb3dc -> 
  custom:container-muxer-webm: aa71ff27fc2769a1b78a27578f13a17b -> 
  custom:container-demuxer-webm: 4f35f7cbe854078d1ac9338744f61a02 -> 
  custom:container-demuxer-ogg: 62fdf1f143b41e24485cea50d1cbac27 -> 
  custom:video-encoder-webm-vp8: eb34c28f22e8b96e1ab97ce403110664 -> 
  custom:video-decoder-webm-vp8: 9c59270c3fd7afecdb556c50c9e8de78 -> 
  custom:audio-decoder-ogg-vorbis: bf7c407c2cedff20999df2af8eb42d56 -> 
  custom:audio-encoder-webm-vorbis: bf7c407c2cedff20999df2af8eb42d56 -> 
AssetImportWorkerClient::OnTransportError - code=2 error=End of file
